  common-sdl.cpp
  main.cpp
G:\Lancaster-Source\whisper.Lancaster\whisper.dir\examples\common-sdl.cpp(199,16): warning C4267: 'initializing': conversion from 'size_t' to 'int', possible loss of data
G:\Lancaster-Source\whisper.Lancaster\whisper.dir\examples\common-sdl.cpp(201,31): warning C4267: '+=': conversion from 'size_t' to 'int', possible loss of data
G:\Lancaster-Source\whisper.Lancaster\whisper.dir\examples\common.h(299,41): warning C4244: '=': conversion from 'double' to 'int', possible loss of data
G:\whisper.Lancaster\whisper.dir\examples\main\main.cpp(195,62): warning C4267: 'argument': conversion from 'size_t' to 'int', possible loss of data
G:\whisper.Lancaster\whisper.dir\examples\main\main.cpp(377,52): warning C4267: '=': conversion from 'size_t' to 'int', possible loss of data
G:\whisper.Lancaster\whisper.dir\examples\main\main.cpp(380,78): warning C4267: 'argument': conversion from 'size_t' to 'int', possible loss of data
G:\whisper.Lancaster\whisper.dir\examples\main\main.cpp(424,32): warning C4244: '/=': conversion from 'double' to '_Ty1', possible loss of data
G:\whisper.Lancaster\whisper.dir\examples\main\main.cpp(424,32): warning C4244:         with
G:\whisper.Lancaster\whisper.dir\examples\main\main.cpp(424,32): warning C4244:         [
G:\whisper.Lancaster\whisper.dir\examples\main\main.cpp(424,32): warning C4244:             _Ty1=float
G:\whisper.Lancaster\whisper.dir\examples\main\main.cpp(424,32): warning C4244:         ]
G:\whisper.Lancaster\whisper.dir\examples\main\main.cpp(483,57): warning C4267: 'initializing': conversion from 'size_t' to 'int', possible loss of data
G:\whisper.Lancaster\whisper.dir\examples\main\main.cpp(483,31): warning C4267: 'initializing': conversion from 'size_t' to 'const int', possible loss of data
G:\whisper.Lancaster\whisper.dir\examples\main\main.cpp(636,64): warning C4244: 'argument': conversion from 'float' to 'const unsigned __int64', possible loss of data
G:\whisper.Lancaster\whisper.dir\examples\main\main.cpp(651,35): warning C4244: 'initializing': conversion from 'double' to 'size_t', possible loss of data
G:\whisper.Lancaster\whisper.dir\examples\main\main.cpp(694,12): warning C4996: 'fopen': This function or variable may be unsafe. Consider using fopen_s instead. To disable deprecation, use _CRT_SECURE_NO_WARNINGS. See online help for details.
  Generating Code...
     Creating library G:/whisper.Lancaster/build_folder/examples/main/Debug/main.lib and object G:/whisper.Lancaster/build_folder/examples/main/Debug/main.exp
  main.vcxproj -> G:\Lancaster-Source\whisper.Lancaster\build_folder\bin\x64\LancasterWhisper.dll
  'pwsh.exe' is not recognized as an internal or external command,
  operable program or batch file.
  File not found - LancasterWhisper.lib
  0 File(s) copied
C:\Program Files\Microsoft Visual Studio\2022\Community\MSBuild\Microsoft\VC\v170\Microsoft.CppCommon.targets(166,5): error MSB3073: The command "xcopy /y G:\Lancaster-Source\whisper.Lancaster\build_folder\bin\x64\LancasterWhisper.lib G:\Lancaster-Source\whisper.Lancaster\build_folder\..\..\FM\LancFM\lib
C:\Program Files\Microsoft Visual Studio\2022\Community\MSBuild\Microsoft\VC\v170\Microsoft.CppCommon.targets(166,5): error MSB3073: :VCEnd" exited with code 4.
